[22-Jun-2020 18:30:34 UTC] PHP Notice:  Undefined variable: id in /Applications/MAMP/htdocs/stopwatch/index.php on line 47
[22-Jun-2020 18:30:34 UTC] PHP Fatal error:  Uncaught PDOException: SQLSTATE[HY000] [2002] No such file or directory in /Applications/MAMP/htdocs/stopwatch/function.php:34
Stack trace:
#0 /Applications/MAMP/htdocs/stopwatch/function.php(34): PDO->__construct('mysql:stopwatch...', 'root', 'root', Array)
#1 /Applications/MAMP/htdocs/stopwatch/function.php(57): dbConnect()
#2 /Applications/MAMP/htdocs/stopwatch/index.php(47): getTask(NULL)
#3 {main}
  thrown in /Applications/MAMP/htdocs/stopwatch/function.php on line 34
[22-Jun-2020 18:30:45 UTC] PHP Notice:  Undefined variable: id in /Applications/MAMP/htdocs/stopwatch/index.php on line 47
[22-Jun-2020 18:30:45 UTC] PHP Fatal error:  Uncaught PDOException: SQLSTATE[HY000] [2002] No such file or directory in /Applications/MAMP/htdocs/stopwatch/function.php:34
Stack trace:
#0 /Applications/MAMP/htdocs/stopwatch/function.php(34): PDO->__construct('mysql:stopwatch...', 'root', 'root', Array)
#1 /Applications/MAMP/htdocs/stopwatch/function.php(57): dbConnect()
#2 /Applications/MAMP/htdocs/stopwatch/index.php(47): getTask(NULL)
#3 {main}
  thrown in /Applications/MAMP/htdocs/stopwatch/function.php on line 34
[22-Jun-2020 18:35:11 UTC] PHP Notice:  Undefined variable: id in /Applications/MAMP/htdocs/stopwatch/index.php on line 47
[22-Jun-2020 18:35:11 UTC] デバッグ:クエリ成功
[22-Jun-2020 18:35:11 UTC] PHP Fatal error:  Uncaught Error: Cannot use object of type PDOStatement as array in /Applications/MAMP/htdocs/stopwatch/function.php:65
Stack trace:
#0 /Applications/MAMP/htdocs/stopwatch/index.php(47): getTask(NULL)
#1 {main}
  thrown in /Applications/MAMP/htdocs/stopwatch/function.php on line 65
[22-Jun-2020 18:43:25 UTC] PHP Notice:  Undefined variable: id in /Applications/MAMP/htdocs/stopwatch/index.php on line 49
[22-Jun-2020 18:43:25 UTC] デバッグ:クエリ成功
[22-Jun-2020 18:43:25 UTC] PHP Fatal error:  Uncaught Error: Cannot use object of type PDOStatement as array in /Applications/MAMP/htdocs/stopwatch/function.php:66
Stack trace:
#0 /Applications/MAMP/htdocs/stopwatch/index.php(49): getTask(NULL)
#1 {main}
  thrown in /Applications/MAMP/htdocs/stopwatch/function.php on line 66
[22-Jun-2020 18:45:01 UTC] PHP Notice:  Undefined variable: tasks in /Applications/MAMP/htdocs/stopwatch/index.php on line 63
[22-Jun-2020 18:45:01 UTC] PHP Warning:  Invalid argument supplied for foreach() in /Applications/MAMP/htdocs/stopwatch/index.php on line 63
[22-Jun-2020 18:45:17 UTC] PHP Notice:  Undefined variable: tasks in /Applications/MAMP/htdocs/stopwatch/index.php on line 63
[22-Jun-2020 18:45:17 UTC] PHP Warning:  Invalid argument supplied for foreach() in /Applications/MAMP/htdocs/stopwatch/index.php on line 63
[22-Jun-2020 18:45:21 UTC] PHP Notice:  Undefined variable: tasks in /Applications/MAMP/htdocs/stopwatch/index.php on line 63
[22-Jun-2020 18:45:21 UTC] PHP Warning:  Invalid argument supplied for foreach() in /Applications/MAMP/htdocs/stopwatch/index.php on line 63
[22-Jun-2020 18:45:47 UTC] デバッグ:クエリ成功
[22-Jun-2020 18:45:47 UTC] PHP Notice:  Undefined variable: tasks in /Applications/MAMP/htdocs/stopwatch/index.php on line 63
[22-Jun-2020 18:45:47 UTC] PHP Warning:  Invalid argument supplied for foreach() in /Applications/MAMP/htdocs/stopwatch/index.php on line 63
[22-Jun-2020 18:55:54 UTC] デバッグ:クエリ成功
[22-Jun-2020 18:55:54 UTC] PHP Notice:  Undefined variable: tasks in /Applications/MAMP/htdocs/stopwatch/index.php on line 63
[22-Jun-2020 18:55:54 UTC] PHP Warning:  Invalid argument supplied for foreach() in /Applications/MAMP/htdocs/stopwatch/index.php on line 63
[22-Jun-2020 18:56:43 UTC] デバッグ:クエリ成功
[22-Jun-2020 18:56:43 UTC] PHP Notice:  Undefined variable: tasks in /Applications/MAMP/htdocs/stopwatch/index.php on line 63
[22-Jun-2020 18:56:43 UTC] PHP Warning:  Invalid argument supplied for foreach() in /Applications/MAMP/htdocs/stopwatch/index.php on line 63
[22-Jun-2020 19:04:16 UTC] デバッグ:クエリ成功
[22-Jun-2020 19:04:16 UTC] デバッグ:クエリ成功
[22-Jun-2020 19:04:16 UTC] PHP Notice:  Undefined variable: tasks in /Applications/MAMP/htdocs/stopwatch/index.php on line 70
[22-Jun-2020 19:04:16 UTC] PHP Warning:  Invalid argument supplied for foreach() in /Applications/MAMP/htdocs/stopwatch/index.php on line 70
[22-Jun-2020 19:05:35 UTC] デバッグ:クエリ成功
[22-Jun-2020 19:05:35 UTC] デバッグ:クエリ成功
[22-Jun-2020 19:05:35 UTC] PHP Notice:  Undefined variable: tasks in /Applications/MAMP/htdocs/stopwatch/index.php on line 70
[22-Jun-2020 19:05:35 UTC] PHP Warning:  Invalid argument supplied for foreach() in /Applications/MAMP/htdocs/stopwatch/index.php on line 70
[22-Jun-2020 19:06:39 UTC] デバッグ:クエリ成功
[22-Jun-2020 19:06:39 UTC] デバッグ:クエリ成功
[22-Jun-2020 19:06:39 UTC] PHP Notice:  Undefined variable: tasks in /Applications/MAMP/htdocs/stopwatch/index.php on line 70
[22-Jun-2020 19:06:39 UTC] PHP Warning:  Invalid argument supplied for foreach() in /Applications/MAMP/htdocs/stopwatch/index.php on line 70
[22-Jun-2020 19:07:34 UTC] デバッグ:クエリ成功
[22-Jun-2020 19:07:34 UTC] デバッグ:クエリ成功
[22-Jun-2020 19:11:22 UTC] PHP Fatal error:  Uncaught PDOException: SQLSTATE[42000]: Syntax error or access violation: 1064 You have an error in your SQL syntax; check the manual that corresponds to your MySQL server version for the right syntax to use near '= 5' at line 1 in /Applications/MAMP/htdocs/stopwatch/function.php:41
Stack trace:
#0 /Applications/MAMP/htdocs/stopwatch/function.php(41): PDO->prepare('SELECT name FRO...')
#1 /Applications/MAMP/htdocs/stopwatch/function.php(77): queryPost(Object(PDO), 'SELECT name FRO...', Array)
#2 /Applications/MAMP/htdocs/stopwatch/index.php(10): getTask()
#3 {main}
  thrown in /Applications/MAMP/htdocs/stopwatch/function.php on line 41
[22-Jun-2020 19:14:39 UTC] PHP Fatal error:  Uncaught PDOException: SQLSTATE[42000]: Syntax error or access violation: 1064 You have an error in your SQL syntax; check the manual that corresponds to your MySQL server version for the right syntax to use near '= 5' at line 1 in /Applications/MAMP/htdocs/stopwatch/function.php:41
Stack trace:
#0 /Applications/MAMP/htdocs/stopwatch/function.php(41): PDO->prepare('SELECT name FRO...')
#1 /Applications/MAMP/htdocs/stopwatch/function.php(77): queryPost(Object(PDO), 'SELECT name FRO...', Array)
#2 /Applications/MAMP/htdocs/stopwatch/index.php(10): getTask()
#3 {main}
  thrown in /Applications/MAMP/htdocs/stopwatch/function.php on line 41
[22-Jun-2020 19:14:44 UTC] PHP Fatal error:  Uncaught PDOException: SQLSTATE[42000]: Syntax error or access violation: 1064 You have an error in your SQL syntax; check the manual that corresponds to your MySQL server version for the right syntax to use near '= 5' at line 1 in /Applications/MAMP/htdocs/stopwatch/function.php:41
Stack trace:
#0 /Applications/MAMP/htdocs/stopwatch/function.php(41): PDO->prepare('SELECT name FRO...')
#1 /Applications/MAMP/htdocs/stopwatch/function.php(77): queryPost(Object(PDO), 'SELECT name FRO...', Array)
#2 /Applications/MAMP/htdocs/stopwatch/index.php(10): getTask()
#3 {main}
  thrown in /Applications/MAMP/htdocs/stopwatch/function.php on line 41
[22-Jun-2020 19:16:25 UTC] PHP Fatal error:  Uncaught PDOException: SQLSTATE[42000]: Syntax error or access violation: 1064 You have an error in your SQL syntax; check the manual that corresponds to your MySQL server version for the right syntax to use near '= 5' at line 1 in /Applications/MAMP/htdocs/stopwatch/function.php:41
Stack trace:
#0 /Applications/MAMP/htdocs/stopwatch/function.php(41): PDO->prepare('SELECT id,name ...')
#1 /Applications/MAMP/htdocs/stopwatch/function.php(77): queryPost(Object(PDO), 'SELECT id,name ...', Array)
#2 /Applications/MAMP/htdocs/stopwatch/index.php(10): getTask()
#3 {main}
  thrown in /Applications/MAMP/htdocs/stopwatch/function.php on line 41
[22-Jun-2020 19:16:27 UTC] PHP Fatal error:  Uncaught PDOException: SQLSTATE[42000]: Syntax error or access violation: 1064 You have an error in your SQL syntax; check the manual that corresponds to your MySQL server version for the right syntax to use near '= 5' at line 1 in /Applications/MAMP/htdocs/stopwatch/function.php:41
Stack trace:
#0 /Applications/MAMP/htdocs/stopwatch/function.php(41): PDO->prepare('SELECT id,name ...')
#1 /Applications/MAMP/htdocs/stopwatch/function.php(77): queryPost(Object(PDO), 'SELECT id,name ...', Array)
#2 /Applications/MAMP/htdocs/stopwatch/index.php(10): getTask()
#3 {main}
  thrown in /Applications/MAMP/htdocs/stopwatch/function.php on line 41
[22-Jun-2020 19:20:17 UTC] PHP Fatal error:  Uncaught PDOException: SQLSTATE[42000]: Syntax error or access violation: 1064 You have an error in your SQL syntax; check the manual that corresponds to your MySQL server version for the right syntax to use near '= 5' at line 1 in /Applications/MAMP/htdocs/stopwatch/function.php:73
Stack trace:
#0 /Applications/MAMP/htdocs/stopwatch/function.php(73): PDO->query('SELECT id,name ...')
#1 /Applications/MAMP/htdocs/stopwatch/index.php(10): getTask()
#2 {main}
  thrown in /Applications/MAMP/htdocs/stopwatch/function.php on line 73
[22-Jun-2020 19:21:06 UTC] PHP Fatal error:  Uncaught PDOException: SQLSTATE[42000]: Syntax error or access violation: 1064 You have an error in your SQL syntax; check the manual that corresponds to your MySQL server version for the right syntax to use near '= 5' at line 1 in /Applications/MAMP/htdocs/stopwatch/function.php:73
Stack trace:
#0 /Applications/MAMP/htdocs/stopwatch/function.php(73): PDO->query('SELECT id,name ...')
#1 /Applications/MAMP/htdocs/stopwatch/index.php(10): getTask()
#2 {main}
  thrown in /Applications/MAMP/htdocs/stopwatch/function.php on line 73
[22-Jun-2020 19:21:08 UTC] PHP Fatal error:  Uncaught PDOException: SQLSTATE[42000]: Syntax error or access violation: 1064 You have an error in your SQL syntax; check the manual that corresponds to your MySQL server version for the right syntax to use near '= 5' at line 1 in /Applications/MAMP/htdocs/stopwatch/function.php:73
Stack trace:
#0 /Applications/MAMP/htdocs/stopwatch/function.php(73): PDO->query('SELECT id,name ...')
#1 /Applications/MAMP/htdocs/stopwatch/index.php(10): getTask()
#2 {main}
  thrown in /Applications/MAMP/htdocs/stopwatch/function.php on line 73
[22-Jun-2020 19:21:31 UTC] PHP Warning:  Illegal string offset 'id' in /Applications/MAMP/htdocs/stopwatch/index.php on line 74
[22-Jun-2020 19:21:31 UTC] PHP Warning:  Illegal string offset 'name' in /Applications/MAMP/htdocs/stopwatch/index.php on line 74
[22-Jun-2020 19:21:51 UTC] PHP Warning:  Illegal string offset 'id' in /Applications/MAMP/htdocs/stopwatch/index.php on line 74
[22-Jun-2020 19:21:51 UTC] PHP Warning:  Illegal string offset 'name' in /Applications/MAMP/htdocs/stopwatch/index.php on line 74
[22-Jun-2020 19:21:52 UTC] PHP Warning:  Illegal string offset 'id' in /Applications/MAMP/htdocs/stopwatch/index.php on line 74
[22-Jun-2020 19:21:52 UTC] PHP Warning:  Illegal string offset 'name' in /Applications/MAMP/htdocs/stopwatch/index.php on line 74
[22-Jun-2020 19:23:16 UTC] PHP Warning:  Illegal string offset 'id' in /Applications/MAMP/htdocs/stopwatch/index.php on line 74
[22-Jun-2020 19:23:16 UTC] PHP Warning:  Illegal string offset 'name' in /Applications/MAMP/htdocs/stopwatch/index.php on line 74
[22-Jun-2020 19:23:31 UTC] PHP Warning:  Illegal string offset 'id' in /Applications/MAMP/htdocs/stopwatch/index.php on line 74
[22-Jun-2020 19:23:31 UTC] PHP Warning:  Illegal string offset 'name' in /Applications/MAMP/htdocs/stopwatch/index.php on line 74
[22-Jun-2020 19:23:32 UTC] PHP Warning:  Illegal string offset 'id' in /Applications/MAMP/htdocs/stopwatch/index.php on line 74
[22-Jun-2020 19:23:32 UTC] PHP Warning:  Illegal string offset 'name' in /Applications/MAMP/htdocs/stopwatch/index.php on line 74
[22-Jun-2020 19:24:11 UTC] PHP Warning:  Illegal string offset 'id' in /Applications/MAMP/htdocs/stopwatch/index.php on line 75
[22-Jun-2020 19:24:40 UTC] PHP Warning:  Illegal string offset 'id' in /Applications/MAMP/htdocs/stopwatch/index.php on line 75
[22-Jun-2020 19:24:40 UTC] PHP Warning:  Illegal string offset 'name' in /Applications/MAMP/htdocs/stopwatch/index.php on line 75
[22-Jun-2020 19:24:40 UTC] PHP Warning:  Illegal string offset 'id' in /Applications/MAMP/htdocs/stopwatch/index.php on line 75
[22-Jun-2020 19:24:40 UTC] PHP Warning:  Illegal string offset 'name' in /Applications/MAMP/htdocs/stopwatch/index.php on line 75
[22-Jun-2020 19:25:04 UTC] デバッグ:クエリ成功
[22-Jun-2020 19:25:04 UTC] PHP Fatal error:  Uncaught Error: Cannot use object of type PDOStatement as array in /Applications/MAMP/htdocs/stopwatch/function.php:66
Stack trace:
#0 /Applications/MAMP/htdocs/stopwatch/index.php(58): getTaskTitle('')
#1 {main}
  thrown in /Applications/MAMP/htdocs/stopwatch/function.php on line 66
[22-Jun-2020 19:25:15 UTC] デバッグ:クエリ成功
[22-Jun-2020 19:25:15 UTC] PHP Fatal error:  Uncaught Error: Cannot use object of type PDOStatement as array in /Applications/MAMP/htdocs/stopwatch/function.php:66
Stack trace:
#0 /Applications/MAMP/htdocs/stopwatch/index.php(58): getTaskTitle('')
#1 {main}
  thrown in /Applications/MAMP/htdocs/stopwatch/function.php on line 66
[22-Jun-2020 19:25:35 UTC] デバッグ:クエリ成功
[22-Jun-2020 19:25:35 UTC] デバッグ:クエリ成功
[22-Jun-2020 19:26:41 UTC] デバッグ:クエリ成功
[22-Jun-2020 19:26:51 UTC] デバッグ:クエリ成功
[22-Jun-2020 19:28:07 UTC] デバッグ:クエリ成功
[22-Jun-2020 19:29:15 UTC] デバッグ:クエリ成功
[22-Jun-2020 19:29:20 UTC] デバッグ:クエリ成功
[22-Jun-2020 19:29:20 UTC] PHP Fatal error:  Uncaught Error: Cannot use object of type PDOStatement as array in /Applications/MAMP/htdocs/stopwatch/function.php:66
Stack trace:
#0 /Applications/MAMP/htdocs/stopwatch/index.php(59): getTaskTitle('1')
#1 {main}
  thrown in /Applications/MAMP/htdocs/stopwatch/function.php on line 66
[22-Jun-2020 19:29:36 UTC] デバッグ:クエリ成功
[22-Jun-2020 19:29:36 UTC] PHP Warning:  Illegal string offset 'id' in /Applications/MAMP/htdocs/stopwatch/index.php on line 76
[22-Jun-2020 19:29:36 UTC] PHP Warning:  Illegal string offset 'name' in /Applications/MAMP/htdocs/stopwatch/index.php on line 77
[22-Jun-2020 19:30:32 UTC] PHP Notice:  Undefined variable: task in /Applications/MAMP/htdocs/stopwatch/index.php on line 12
[22-Jun-2020 19:30:32 UTC] デバッグ:クエリ成功
[22-Jun-2020 19:30:32 UTC] PHP Warning:  Illegal string offset 'id' in /Applications/MAMP/htdocs/stopwatch/index.php on line 77
[22-Jun-2020 19:30:32 UTC] PHP Warning:  Illegal string offset 'name' in /Applications/MAMP/htdocs/stopwatch/index.php on line 78
[22-Jun-2020 19:30:41 UTC] デバッグ:クエリ成功
[22-Jun-2020 19:30:41 UTC] PHP Warning:  Illegal string offset 'id' in /Applications/MAMP/htdocs/stopwatch/index.php on line 77
[22-Jun-2020 19:30:41 UTC] PHP Warning:  Illegal string offset 'name' in /Applications/MAMP/htdocs/stopwatch/index.php on line 78
[22-Jun-2020 19:33:03 UTC] デバッグ:クエリ成功
[22-Jun-2020 19:33:03 UTC] PHP Warning:  Illegal string offset 'id' in /Applications/MAMP/htdocs/stopwatch/index.php on line 78
[22-Jun-2020 19:33:03 UTC] PHP Warning:  Illegal string offset 'name' in /Applications/MAMP/htdocs/stopwatch/index.php on line 79
[22-Jun-2020 19:34:11 UTC] デバッグ:クエリ成功
[22-Jun-2020 19:34:11 UTC] PHP Warning:  Illegal string offset 'id' in /Applications/MAMP/htdocs/stopwatch/index.php on line 77
[22-Jun-2020 19:34:11 UTC] PHP Warning:  Illegal string offset 'name' in /Applications/MAMP/htdocs/stopwatch/index.php on line 78
[22-Jun-2020 19:35:08 UTC] デバッグ:クエリ成功
[22-Jun-2020 19:35:08 UTC] PHP Warning:  Illegal string offset 'id' in /Applications/MAMP/htdocs/stopwatch/index.php on line 77
[22-Jun-2020 19:35:08 UTC] PHP Warning:  Illegal string offset 'name' in /Applications/MAMP/htdocs/stopwatch/index.php on line 78
[22-Jun-2020 19:35:12 UTC] デバッグ:クエリ成功
[22-Jun-2020 19:35:12 UTC] PHP Warning:  Illegal string offset 'id' in /Applications/MAMP/htdocs/stopwatch/index.php on line 77
[22-Jun-2020 19:35:12 UTC] PHP Warning:  Illegal string offset 'name' in /Applications/MAMP/htdocs/stopwatch/index.php on line 78
[22-Jun-2020 19:35:16 UTC] デバッグ:クエリ成功
[22-Jun-2020 19:35:16 UTC] PHP Warning:  Illegal string offset 'id' in /Applications/MAMP/htdocs/stopwatch/index.php on line 77
[22-Jun-2020 19:35:16 UTC] PHP Warning:  Illegal string offset 'name' in /Applications/MAMP/htdocs/stopwatch/index.php on line 78
[22-Jun-2020 19:35:40 UTC] デバッグ:クエリ成功
[22-Jun-2020 19:35:40 UTC] PHP Warning:  Illegal string offset 'id' in /Applications/MAMP/htdocs/stopwatch/index.php on line 77
[22-Jun-2020 19:35:43 UTC] デバッグ:クエリ成功
[22-Jun-2020 19:35:43 UTC] PHP Warning:  Illegal string offset 'id' in /Applications/MAMP/htdocs/stopwatch/index.php on line 77
[22-Jun-2020 19:37:09 UTC] デバッグ:POST送信があります
[22-Jun-2020 19:37:09 UTC] デバッグ:クエリ成功
[22-Jun-2020 19:37:09 UTC] デバッグ:タスク重複チェックOK
[22-Jun-2020 19:37:09 UTC] PHP Warning:  Illegal string offset 'id' in /Applications/MAMP/htdocs/stopwatch/index.php on line 82
[22-Jun-2020 19:37:45 UTC] デバッグ:POST送信があります
[22-Jun-2020 19:37:45 UTC] デバッグ:クエリ成功
[22-Jun-2020 19:37:45 UTC] デバッグ:タスク重複チェックOK
[22-Jun-2020 19:37:57 UTC] デバッグ:POST送信があります
[22-Jun-2020 19:37:57 UTC] デバッグ:クエリ成功
[22-Jun-2020 19:37:57 UTC] デバッグ:タスク重複チェックOK
[22-Jun-2020 19:38:28 UTC] デバッグ:POST送信があります
[22-Jun-2020 19:38:28 UTC] デバッグ:クエリ成功
[22-Jun-2020 19:39:53 UTC] デバッグ:POST送信があります
[22-Jun-2020 19:39:53 UTC] デバッグ:デザイン
[22-Jun-2020 19:39:53 UTC] デバッグ:クエリ成功
[22-Jun-2020 19:40:17 UTC] デバッグ:POST送信があります
[22-Jun-2020 19:40:17 UTC] デバッグ:デザイン
[22-Jun-2020 19:40:17 UTC] デバッグ:クエリ成功
[22-Jun-2020 19:40:17 UTC] PHP Recoverable fatal error:  Object of class PDOStatement could not be converted to string in /Applications/MAMP/htdocs/stopwatch/function.php on line 13
[22-Jun-2020 19:40:52 UTC] デバッグ:POST送信があります
[22-Jun-2020 19:40:52 UTC] デバッグ:デザイン
[22-Jun-2020 19:40:52 UTC] デバッグ:クエリ成功
[22-Jun-2020 19:40:52 UTC] PHP Recoverable fatal error:  Object of class PDOStatement could not be converted to string in /Applications/MAMP/htdocs/stopwatch/function.php on line 13
[22-Jun-2020 19:42:33 UTC] デバッグ:POST送信があります
[22-Jun-2020 19:42:33 UTC] デバッグ:デザイン
[22-Jun-2020 19:42:33 UTC] デバッグ:クエリ成功
[22-Jun-2020 19:42:43 UTC] デバッグ:POST送信があります
[22-Jun-2020 19:42:43 UTC] デバッグ:例外処理
[22-Jun-2020 19:42:43 UTC] デバッグ:クエリ成功
[22-Jun-2020 19:43:22 UTC] デバッグ:POST送信があります
[22-Jun-2020 19:43:22 UTC] デバッグ:デザイン
[22-Jun-2020 19:43:22 UTC] デバッグ:クエリ成功
[22-Jun-2020 19:46:39 UTC] デバッグ:POST送信があります
[22-Jun-2020 19:46:39 UTC] デバッグ:デザイン
[22-Jun-2020 19:46:39 UTC] デバッグ:クエリ成功
[22-Jun-2020 19:46:39 UTC] デバッグ:タスク重複チェックOK
[22-Jun-2020 19:46:39 UTC] デバッグ:クエリ成功
[22-Jun-2020 19:46:39 UTC] デバッグ:タスクを追加しました
[22-Jun-2020 19:46:45 UTC] デバッグ:POST送信があります
[22-Jun-2020 19:46:45 UTC] デバッグ:デザイン
[22-Jun-2020 19:46:45 UTC] デバッグ:クエリ成功
[22-Jun-2020 19:47:16 UTC] デバッグ:POST送信があります
[22-Jun-2020 19:47:16 UTC] デバッグ:デザイン
[22-Jun-2020 19:47:16 UTC] デバッグ:クエリ成功
[22-Jun-2020 19:47:59 UTC] デバッグ:POST送信があります
[22-Jun-2020 19:47:59 UTC] デバッグ:デザイン
[22-Jun-2020 19:47:59 UTC] デバッグ:クエリ成功
[22-Jun-2020 19:48:12 UTC] デバッグ:POST送信があります
[22-Jun-2020 19:48:12 UTC] デバッグ:デザイン
[22-Jun-2020 19:48:12 UTC] デバッグ:クエリ成功
[22-Jun-2020 19:48:41 UTC] デバッグ:POST送信があります
[22-Jun-2020 19:48:41 UTC] デバッグ:デザイン
[22-Jun-2020 19:48:41 UTC] デバッグ:クエリ成功
[22-Jun-2020 19:48:41 UTC] デバッグ:すでに登録されています
[22-Jun-2020 19:48:52 UTC] デバッグ:クエリ成功
[22-Jun-2020 19:48:53 UTC] デバッグ:クエリ成功
[22-Jun-2020 19:48:55 UTC] デバッグ:クエリ成功
[22-Jun-2020 19:48:57 UTC] デバッグ:クエリ成功
[22-Jun-2020 19:48:59 UTC] デバッグ:クエリ成功
[22-Jun-2020 19:49:00 UTC] デバッグ:クエリ成功
[22-Jun-2020 19:49:01 UTC] デバッグ:クエリ成功
[22-Jun-2020 19:53:50 UTC] デバッグ:クエリ成功
[22-Jun-2020 19:53:50 UTC] PHP Warning:  Illegal string offset 'name' in /Applications/MAMP/htdocs/stopwatch/index.php on line 89
[22-Jun-2020 19:53:51 UTC] デバッグ:クエリ成功
[22-Jun-2020 19:53:51 UTC] PHP Warning:  Illegal string offset 'name' in /Applications/MAMP/htdocs/stopwatch/index.php on line 89
[22-Jun-2020 19:53:52 UTC] デバッグ:クエリ成功
[22-Jun-2020 19:53:52 UTC] PHP Warning:  Illegal string offset 'name' in /Applications/MAMP/htdocs/stopwatch/index.php on line 89
[22-Jun-2020 19:53:59 UTC] デバッグ:クエリ成功
[22-Jun-2020 19:53:59 UTC] PHP Warning:  Illegal string offset 'id' in /Applications/MAMP/htdocs/stopwatch/index.php on line 89
[22-Jun-2020 19:54:01 UTC] デバッグ:クエリ成功
[22-Jun-2020 19:54:01 UTC] PHP Warning:  Illegal string offset 'id' in /Applications/MAMP/htdocs/stopwatch/index.php on line 89
[22-Jun-2020 19:54:02 UTC] デバッグ:クエリ成功
[22-Jun-2020 19:54:02 UTC] PHP Warning:  Illegal string offset 'id' in /Applications/MAMP/htdocs/stopwatch/index.php on line 89
[22-Jun-2020 19:54:05 UTC] デバッグ:クエリ成功
[22-Jun-2020 19:54:05 UTC] PHP Warning:  Illegal string offset 'id' in /Applications/MAMP/htdocs/stopwatch/index.php on line 89
[22-Jun-2020 19:54:32 UTC] デバッグ:クエリ成功
[22-Jun-2020 19:54:32 UTC] デバッグ:クエリ成功
[22-Jun-2020 19:54:33 UTC] デバッグ:クエリ成功
[22-Jun-2020 19:55:15 UTC] デバッグ:クエリ成功
[22-Jun-2020 19:55:15 UTC] PHP Warning:  Illegal string offset 'name' in /Applications/MAMP/htdocs/stopwatch/index.php on line 90
[22-Jun-2020 19:55:17 UTC] デバッグ:クエリ成功
[22-Jun-2020 19:55:17 UTC] PHP Warning:  Illegal string offset 'name' in /Applications/MAMP/htdocs/stopwatch/index.php on line 90
[22-Jun-2020 19:55:18 UTC] デバッグ:クエリ成功
[22-Jun-2020 19:55:18 UTC] PHP Warning:  Illegal string offset 'name' in /Applications/MAMP/htdocs/stopwatch/index.php on line 90
[22-Jun-2020 19:55:25 UTC] デバッグ:クエリ成功
[22-Jun-2020 19:55:25 UTC] PHP Warning:  Illegal string offset 'name' in /Applications/MAMP/htdocs/stopwatch/index.php on line 90
[22-Jun-2020 19:55:26 UTC] デバッグ:クエリ成功
[22-Jun-2020 19:55:26 UTC] PHP Warning:  Illegal string offset 'name' in /Applications/MAMP/htdocs/stopwatch/index.php on line 90
[22-Jun-2020 19:56:11 UTC] デバッグ:クエリ成功
[22-Jun-2020 19:56:11 UTC] PHP Warning:  Illegal string offset 'name' in /Applications/MAMP/htdocs/stopwatch/index.php on line 90
[22-Jun-2020 19:56:13 UTC] デバッグ:クエリ成功
[22-Jun-2020 19:56:13 UTC] PHP Warning:  Illegal string offset 'name' in /Applications/MAMP/htdocs/stopwatch/index.php on line 90
[22-Jun-2020 19:56:13 UTC] デバッグ:クエリ成功
[22-Jun-2020 19:56:13 UTC] PHP Warning:  Illegal string offset 'name' in /Applications/MAMP/htdocs/stopwatch/index.php on line 90
[22-Jun-2020 19:56:14 UTC] デバッグ:クエリ成功
[22-Jun-2020 19:56:14 UTC] PHP Warning:  Illegal string offset 'name' in /Applications/MAMP/htdocs/stopwatch/index.php on line 90
[22-Jun-2020 19:56:15 UTC] デバッグ:クエリ成功
[22-Jun-2020 19:56:15 UTC] PHP Warning:  Illegal string offset 'name' in /Applications/MAMP/htdocs/stopwatch/index.php on line 90
[22-Jun-2020 19:57:22 UTC] デバッグ:クエリ成功
[22-Jun-2020 19:57:22 UTC] PHP Warning:  Illegal string offset 'name' in /Applications/MAMP/htdocs/stopwatch/index.php on line 92
[22-Jun-2020 19:57:23 UTC] デバッグ:クエリ成功
[22-Jun-2020 19:57:23 UTC] PHP Warning:  Illegal string offset 'name' in /Applications/MAMP/htdocs/stopwatch/index.php on line 92
[22-Jun-2020 19:57:24 UTC] デバッグ:クエリ成功
[22-Jun-2020 19:57:24 UTC] PHP Warning:  Illegal string offset 'name' in /Applications/MAMP/htdocs/stopwatch/index.php on line 92
[22-Jun-2020 19:57:25 UTC] デバッグ:クエリ成功
[22-Jun-2020 19:57:25 UTC] PHP Warning:  Illegal string offset 'name' in /Applications/MAMP/htdocs/stopwatch/index.php on line 92
[22-Jun-2020 19:57:25 UTC] デバッグ:クエリ成功
[22-Jun-2020 19:57:25 UTC] PHP Warning:  Illegal string offset 'name' in /Applications/MAMP/htdocs/stopwatch/index.php on line 92
[22-Jun-2020 19:57:25 UTC] デバッグ:クエリ成功
[22-Jun-2020 19:57:25 UTC] PHP Warning:  Illegal string offset 'name' in /Applications/MAMP/htdocs/stopwatch/index.php on line 92
[22-Jun-2020 19:58:42 UTC] PHP Notice:  Undefined index: name in /Applications/MAMP/htdocs/stopwatch/index.php on line 12
[22-Jun-2020 19:58:42 UTC] デバッグ:GET通信があります
[22-Jun-2020 19:58:42 UTC] デバッグ:クエリ成功
[22-Jun-2020 19:58:42 UTC] PHP Notice:  Undefined index: name in /Applications/MAMP/htdocs/stopwatch/index.php on line 93
[22-Jun-2020 19:58:42 UTC] PHP Notice:  Undefined index: name in /Applications/MAMP/htdocs/stopwatch/index.php on line 93
[22-Jun-2020 19:59:07 UTC] PHP Notice:  Undefined index: name in /Applications/MAMP/htdocs/stopwatch/index.php on line 12
[22-Jun-2020 19:59:07 UTC] デバッグ:GET通信があります
[22-Jun-2020 19:59:07 UTC] デバッグ:クエリ成功
[22-Jun-2020 19:59:07 UTC] PHP Notice:  Undefined index: id in /Applications/MAMP/htdocs/stopwatch/index.php on line 93
[22-Jun-2020 19:59:07 UTC] PHP Notice:  Undefined index: id in /Applications/MAMP/htdocs/stopwatch/index.php on line 93
[22-Jun-2020 19:59:08 UTC] PHP Notice:  Undefined index: name in /Applications/MAMP/htdocs/stopwatch/index.php on line 12
[22-Jun-2020 19:59:08 UTC] デバッグ:GET通信があります
[22-Jun-2020 19:59:08 UTC] デバッグ:クエリ成功
[22-Jun-2020 19:59:08 UTC] PHP Notice:  Undefined index: id in /Applications/MAMP/htdocs/stopwatch/index.php on line 93
[22-Jun-2020 19:59:08 UTC] PHP Notice:  Undefined index: id in /Applications/MAMP/htdocs/stopwatch/index.php on line 93
[22-Jun-2020 19:59:09 UTC] PHP Notice:  Undefined index: name in /Applications/MAMP/htdocs/stopwatch/index.php on line 12
[22-Jun-2020 19:59:09 UTC] デバッグ:GET通信があります
[22-Jun-2020 19:59:09 UTC] デバッグ:クエリ成功
[22-Jun-2020 19:59:09 UTC] PHP Notice:  Undefined index: id in /Applications/MAMP/htdocs/stopwatch/index.php on line 93
[22-Jun-2020 19:59:09 UTC] PHP Notice:  Undefined index: id in /Applications/MAMP/htdocs/stopwatch/index.php on line 93
[22-Jun-2020 19:59:29 UTC] デバッグ:GET通信があります
[22-Jun-2020 19:59:29 UTC] デバッグ:クエリ成功
[22-Jun-2020 19:59:29 UTC] PHP Notice:  Undefined index: id in /Applications/MAMP/htdocs/stopwatch/index.php on line 91
[22-Jun-2020 19:59:29 UTC] PHP Notice:  Undefined index: id in /Applications/MAMP/htdocs/stopwatch/index.php on line 91
[22-Jun-2020 19:59:30 UTC] デバッグ:GET通信があります
[22-Jun-2020 19:59:30 UTC] デバッグ:クエリ成功
[22-Jun-2020 19:59:30 UTC] PHP Notice:  Undefined index: id in /Applications/MAMP/htdocs/stopwatch/index.php on line 91
[22-Jun-2020 19:59:30 UTC] PHP Notice:  Undefined index: id in /Applications/MAMP/htdocs/stopwatch/index.php on line 91
[22-Jun-2020 19:59:48 UTC] デバッグ:GET通信があります
[22-Jun-2020 19:59:48 UTC] デバッグ:クエリ成功
[22-Jun-2020 19:59:48 UTC] PHP Notice:  Undefined index: id in /Applications/MAMP/htdocs/stopwatch/index.php on line 91
[22-Jun-2020 19:59:48 UTC] PHP Notice:  Undefined index: id in /Applications/MAMP/htdocs/stopwatch/index.php on line 91
[22-Jun-2020 20:00:09 UTC] デバッグ:GET通信があります
[22-Jun-2020 20:00:09 UTC] デバッグ:クエリ成功
[22-Jun-2020 20:00:09 UTC] デバッグ:GET通信があります
[22-Jun-2020 20:00:09 UTC] デバッグ:クエリ成功
[22-Jun-2020 20:00:11 UTC] デバッグ:GET通信があります
[22-Jun-2020 20:00:11 UTC] デバッグ:クエリ成功
[22-Jun-2020 20:00:12 UTC] デバッグ:GET通信があります
[22-Jun-2020 20:00:12 UTC] デバッグ:クエリ成功
[22-Jun-2020 20:00:33 UTC] デバッグ:GET通信があります
[22-Jun-2020 20:00:33 UTC] デバッグ:クエリ成功
[22-Jun-2020 20:00:33 UTC] デバッグ:POST送信があります
[22-Jun-2020 20:00:33 UTC] デバッグ:include
[22-Jun-2020 20:00:33 UTC] デバッグ:クエリ成功
[22-Jun-2020 20:00:33 UTC] デバッグ:タスク重複チェックOK
[22-Jun-2020 20:00:33 UTC] デバッグ:クエリ成功
[22-Jun-2020 20:00:33 UTC] デバッグ:タスクを追加しました
[22-Jun-2020 20:01:14 UTC] デバッグ:GET通信があります
[22-Jun-2020 20:01:14 UTC] デバッグ:クエリ成功
[22-Jun-2020 20:01:14 UTC] デバッグ:POST送信があります
[22-Jun-2020 20:01:14 UTC] デバッグ:include
[22-Jun-2020 20:01:14 UTC] デバッグ:クエリ成功
[22-Jun-2020 20:01:14 UTC] デバッグ:すでに登録されています
[22-Jun-2020 20:01:16 UTC] デバッグ:GET通信があります
[22-Jun-2020 20:01:16 UTC] デバッグ:クエリ成功
[22-Jun-2020 20:01:18 UTC] デバッグ:GET通信があります
[22-Jun-2020 20:01:18 UTC] デバッグ:クエリ成功
[22-Jun-2020 20:01:45 UTC] デバッグ:GET通信があります
[22-Jun-2020 20:01:45 UTC] デバッグ:クエリ成功
[22-Jun-2020 20:01:45 UTC] デバッグ:POST送信があります
[22-Jun-2020 20:01:45 UTC] デバッグ:スーパーグローバル変数
[22-Jun-2020 20:01:45 UTC] デバッグ:クエリ成功
[22-Jun-2020 20:01:45 UTC] デバッグ:タスク重複チェックOK
[22-Jun-2020 20:01:45 UTC] デバッグ:クエリ成功
[22-Jun-2020 20:01:45 UTC] デバッグ:タスクを追加しました
[22-Jun-2020 20:01:48 UTC] デバッグ:GET通信があります
[22-Jun-2020 20:01:48 UTC] デバッグ:クエリ成功
[22-Jun-2020 20:01:48 UTC] デバッグ:POST送信があります
[22-Jun-2020 20:01:48 UTC] デバッグ:スーパーグローバル変数
[22-Jun-2020 20:01:48 UTC] デバッグ:クエリ成功
[22-Jun-2020 20:01:48 UTC] デバッグ:すでに登録されています
[22-Jun-2020 20:01:55 UTC] デバッグ:GET通信があります
[22-Jun-2020 20:01:55 UTC] デバッグ:クエリ成功
[22-Jun-2020 20:01:55 UTC] デバッグ:POST送信があります
[22-Jun-2020 20:01:55 UTC] デバッグ:写経
[22-Jun-2020 20:01:55 UTC] デバッグ:クエリ成功
[22-Jun-2020 20:01:55 UTC] デバッグ:タスク重複チェックOK
[22-Jun-2020 20:01:55 UTC] デバッグ:クエリ成功
[22-Jun-2020 20:01:55 UTC] デバッグ:タスクを追加しました
[22-Jun-2020 20:01:59 UTC] デバッグ:GET通信があります
[22-Jun-2020 20:01:59 UTC] デバッグ:クエリ成功
[22-Jun-2020 20:01:59 UTC] デバッグ:POST送信があります
[22-Jun-2020 20:01:59 UTC] デバッグ:写経
[22-Jun-2020 20:01:59 UTC] デバッグ:クエリ成功
[22-Jun-2020 20:01:59 UTC] デバッグ:すでに登録されています
[22-Jun-2020 20:02:37 UTC] デバッグ:GET通信があります
[22-Jun-2020 20:02:37 UTC] デバッグ:クエリ成功
[22-Jun-2020 20:02:37 UTC] デバッグ:POST送信があります
[22-Jun-2020 20:02:37 UTC] デバッグ:言語
[22-Jun-2020 20:02:37 UTC] デバッグ:クエリ成功
[22-Jun-2020 20:02:37 UTC] デバッグ:タスク重複チェックOK
[22-Jun-2020 20:02:37 UTC] デバッグ:クエリ成功
[22-Jun-2020 20:02:37 UTC] デバッグ:タスクを追加しました
[22-Jun-2020 20:03:41 UTC] デバッグ:GET通信があります
[22-Jun-2020 20:03:41 UTC] デバッグ:クエリ成功
[22-Jun-2020 20:03:43 UTC] デバッグ:GET通信があります
[22-Jun-2020 20:03:43 UTC] デバッグ:クエリ成功
[22-Jun-2020 20:03:44 UTC] デバッグ:GET通信があります
[22-Jun-2020 20:03:44 UTC] デバッグ:クエリ成功
[22-Jun-2020 20:03:45 UTC] デバッグ:GET通信があります
[22-Jun-2020 20:03:45 UTC] デバッグ:クエリ成功
[22-Jun-2020 20:03:45 UTC] デバッグ:GET通信があります
[22-Jun-2020 20:03:45 UTC] デバッグ:クエリ成功
[22-Jun-2020 20:04:15 UTC] デバッグ:GET通信があります
[22-Jun-2020 20:04:15 UTC] デバッグ:クエリ成功
[22-Jun-2020 20:04:35 UTC] デバッグ:GET通信があります
[22-Jun-2020 20:04:35 UTC] デバッグ:クエリ成功
[22-Jun-2020 20:04:38 UTC] デバッグ:GET通信があります
[22-Jun-2020 20:04:38 UTC] デバッグ:クエリ成功
[22-Jun-2020 20:04:39 UTC] デバッグ:GET通信があります
[22-Jun-2020 20:04:39 UTC] デバッグ:クエリ成功
[22-Jun-2020 20:05:38 UTC] デバッグ:GET通信があります
[22-Jun-2020 20:05:38 UTC] デバッグ:クエリ成功
[22-Jun-2020 20:06:14 UTC] デバッグ:GET通信があります
[22-Jun-2020 20:06:14 UTC] デバッグ:クエリ成功
[22-Jun-2020 20:06:16 UTC] デバッグ:GET通信があります
[22-Jun-2020 20:06:16 UTC] デバッグ:クエリ成功
[22-Jun-2020 20:06:17 UTC] デバッグ:GET通信があります
[22-Jun-2020 20:06:17 UTC] デバッグ:クエリ成功
[22-Jun-2020 20:06:18 UTC] デバッグ:GET通信があります
[22-Jun-2020 20:06:18 UTC] デバッグ:クエリ成功
[22-Jun-2020 20:06:18 UTC] デバッグ:GET通信があります
[22-Jun-2020 20:06:18 UTC] デバッグ:クエリ成功
[22-Jun-2020 20:06:21 UTC] デバッグ:GET通信があります
[22-Jun-2020 20:06:21 UTC] デバッグ:クエリ成功
[22-Jun-2020 20:06:21 UTC] デバッグ:GET通信があります
[22-Jun-2020 20:06:21 UTC] デバッグ:クエリ成功
[22-Jun-2020 20:06:22 UTC] デバッグ:GET通信があります
[22-Jun-2020 20:06:22 UTC] デバッグ:クエリ成功
[22-Jun-2020 20:06:23 UTC] デバッグ:GET通信があります
[22-Jun-2020 20:06:23 UTC] デバッグ:クエリ成功
[22-Jun-2020 20:06:34 UTC] デバッグ:GET通信があります
[22-Jun-2020 20:06:34 UTC] デバッグ:クエリ成功
[22-Jun-2020 20:06:35 UTC] デバッグ:GET通信があります
[22-Jun-2020 20:06:35 UTC] デバッグ:クエリ成功
[22-Jun-2020 20:06:36 UTC] デバッグ:GET通信があります
[22-Jun-2020 20:06:36 UTC] デバッグ:クエリ成功
[22-Jun-2020 20:06:37 UTC] デバッグ:GET通信があります
[22-Jun-2020 20:06:37 UTC] デバッグ:クエリ成功
[22-Jun-2020 20:06:38 UTC] デバッグ:GET通信があります
[22-Jun-2020 20:06:38 UTC] デバッグ:クエリ成功
[22-Jun-2020 20:06:40 UTC] デバッグ:GET通信があります
[22-Jun-2020 20:06:40 UTC] デバッグ:クエリ成功
[22-Jun-2020 20:06:42 UTC] デバッグ:GET通信があります
[22-Jun-2020 20:06:42 UTC] デバッグ:クエリ成功
[22-Jun-2020 20:06:42 UTC] デバッグ:GET通信があります
[22-Jun-2020 20:06:42 UTC] デバッグ:クエリ成功
[22-Jun-2020 20:06:43 UTC] デバッグ:GET通信があります
[22-Jun-2020 20:06:43 UTC] デバッグ:クエリ成功
[22-Jun-2020 20:07:37 UTC] デバッグ:GET通信があります
[22-Jun-2020 20:07:37 UTC] デバッグ:クエリ成功
[22-Jun-2020 20:07:37 UTC] PHP Notice:  Array to string conversion in /Applications/MAMP/htdocs/stopwatch/index.php on line 78
[22-Jun-2020 20:07:52 UTC] デバッグ:GET通信があります
[22-Jun-2020 20:07:52 UTC] デバッグ:クエリ成功
[22-Jun-2020 20:07:53 UTC] デバッグ:GET通信があります
[22-Jun-2020 20:07:53 UTC] デバッグ:クエリ成功
[22-Jun-2020 20:07:55 UTC] デバッグ:GET通信があります
[22-Jun-2020 20:07:55 UTC] デバッグ:クエリ成功
[22-Jun-2020 20:07:56 UTC] デバッグ:GET通信があります
[22-Jun-2020 20:07:56 UTC] デバッグ:クエリ成功
[22-Jun-2020 20:08:06 UTC] デバッグ:GET通信があります
[22-Jun-2020 20:08:06 UTC] デバッグ:クエリ成功
[22-Jun-2020 20:08:08 UTC] デバッグ:GET通信があります
[22-Jun-2020 20:08:08 UTC] デバッグ:クエリ成功
[22-Jun-2020 20:08:09 UTC] デバッグ:GET通信があります
[22-Jun-2020 20:08:09 UTC] デバッグ:クエリ成功
[22-Jun-2020 20:08:09 UTC] デバッグ:GET通信があります
[22-Jun-2020 20:08:09 UTC] デバッグ:クエリ成功
[22-Jun-2020 20:08:10 UTC] デバッグ:GET通信があります
[22-Jun-2020 20:08:10 UTC] デバッグ:クエリ成功
[22-Jun-2020 20:08:17 UTC] デバッグ:GET通信があります
[22-Jun-2020 20:08:17 UTC] デバッグ:クエリ成功
[22-Jun-2020 20:08:17 UTC] デバッグ:POST送信があります
[22-Jun-2020 20:08:17 UTC] デバッグ:例外処理
[22-Jun-2020 20:08:17 UTC] デバッグ:クエリ成功
[22-Jun-2020 20:08:17 UTC] デバッグ:すでに登録されています
[22-Jun-2020 20:08:32 UTC] デバッグ:GET通信があります
[22-Jun-2020 20:08:32 UTC] デバッグ:クエリ成功
[22-Jun-2020 20:08:32 UTC] デバッグ:POST送信があります
[22-Jun-2020 20:08:32 UTC] デバッグ:例外処理
[22-Jun-2020 20:08:32 UTC] デバッグ:クエリ成功
[22-Jun-2020 20:08:32 UTC] デバッグ:すでに登録されています
[22-Jun-2020 20:09:36 UTC] デバッグ:GET通信があります
[22-Jun-2020 20:09:36 UTC] デバッグ:クエリ成功
[22-Jun-2020 20:09:36 UTC] デバッグ:POST送信があります
[22-Jun-2020 20:09:36 UTC] デバッグ:例外処理
[22-Jun-2020 20:09:36 UTC] デバッグ:クエリ成功
[22-Jun-2020 20:09:36 UTC] デバッグ:すでに登録されています
[22-Jun-2020 20:13:13 UTC] デバッグ:GET通信があります
[22-Jun-2020 20:13:13 UTC] デバッグ:クエリ成功
[22-Jun-2020 20:13:13 UTC] デバッグ:POST送信があります
[22-Jun-2020 20:13:13 UTC] デバッグ:例外処理
[22-Jun-2020 20:13:13 UTC] デバッグ:クエリ成功
[22-Jun-2020 20:13:13 UTC] デバッグ:すでに登録されています
[22-Jun-2020 20:13:39 UTC] デバッグ:GET通信があります
[22-Jun-2020 20:13:39 UTC] デバッグ:クエリ成功
[22-Jun-2020 20:13:39 UTC] デバッグ:POST送信があります
[22-Jun-2020 20:13:39 UTC] デバッグ:例外処理
[22-Jun-2020 20:13:39 UTC] デバッグ:クエリ成功
[22-Jun-2020 20:13:39 UTC] デバッグ:すでに登録されています
[22-Jun-2020 20:13:56 UTC] デバッグ:GET通信があります
[22-Jun-2020 20:13:56 UTC] デバッグ:クエリ成功
[22-Jun-2020 20:13:56 UTC] デバッグ:POST送信があります
[22-Jun-2020 20:13:56 UTC] デバッグ:例外処理
[22-Jun-2020 20:13:56 UTC] デバッグ:クエリ成功
[22-Jun-2020 20:13:56 UTC] デバッグ:すでに登録されています
[22-Jun-2020 20:14:24 UTC] デバッグ:GET通信があります
[22-Jun-2020 20:14:24 UTC] デバッグ:クエリ成功
[22-Jun-2020 20:14:24 UTC] デバッグ:POST送信があります
[22-Jun-2020 20:14:24 UTC] デバッグ:例外処理
[22-Jun-2020 20:14:24 UTC] デバッグ:クエリ成功
[22-Jun-2020 20:14:24 UTC] デバッグ:すでに登録されています
[22-Jun-2020 20:14:27 UTC] デバッグ:GET通信があります
[22-Jun-2020 20:14:27 UTC] デバッグ:クエリ成功
[22-Jun-2020 20:14:28 UTC] デバッグ:GET通信があります
[22-Jun-2020 20:14:28 UTC] デバッグ:クエリ成功
[22-Jun-2020 20:14:29 UTC] デバッグ:GET通信があります
[22-Jun-2020 20:14:29 UTC] デバッグ:クエリ成功
[22-Jun-2020 20:14:30 UTC] デバッグ:GET通信があります
[22-Jun-2020 20:14:30 UTC] デバッグ:クエリ成功
[22-Jun-2020 20:14:31 UTC] デバッグ:GET通信があります
[22-Jun-2020 20:14:31 UTC] デバッグ:クエリ成功
[22-Jun-2020 20:14:46 UTC] デバッグ:GET通信があります
[22-Jun-2020 20:14:46 UTC] デバッグ:クエリ成功
[22-Jun-2020 20:14:47 UTC] デバッグ:GET通信があります
[22-Jun-2020 20:14:47 UTC] デバッグ:クエリ成功
[22-Jun-2020 20:14:56 UTC] デバッグ:GET通信があります
[22-Jun-2020 20:14:56 UTC] デバッグ:クエリ成功
[22-Jun-2020 20:14:56 UTC] デバッグ:POST送信があります
[22-Jun-2020 20:14:56 UTC] デバッグ:完了ボタン
[22-Jun-2020 20:14:56 UTC] デバッグ:クエリ成功
[22-Jun-2020 20:14:56 UTC] デバッグ:タスク重複チェックOK
[22-Jun-2020 20:14:56 UTC] デバッグ:クエリ成功
[22-Jun-2020 20:14:56 UTC] デバッグ:タスクを追加しました
[22-Jun-2020 20:15:00 UTC] デバッグ:GET通信があります
[22-Jun-2020 20:15:00 UTC] デバッグ:クエリ成功
[22-Jun-2020 20:15:00 UTC] デバッグ:POST送信があります
[22-Jun-2020 20:15:00 UTC] デバッグ:完了ボタン
[22-Jun-2020 20:15:00 UTC] デバッグ:クエリ成功
[22-Jun-2020 20:15:00 UTC] デバッグ:すでに登録されています
[22-Jun-2020 20:15:44 UTC] デバッグ:GET通信があります
[22-Jun-2020 20:15:44 UTC] デバッグ:クエリ成功
[22-Jun-2020 20:15:44 UTC] デバッグ:POST送信があります
[22-Jun-2020 20:15:44 UTC] デバッグ:完了時間
[22-Jun-2020 20:15:44 UTC] デバッグ:クエリ成功
[22-Jun-2020 20:15:44 UTC] デバッグ:タスク重複チェックOK
[22-Jun-2020 20:15:44 UTC] デバッグ:クエリ成功
[22-Jun-2020 20:15:44 UTC] デバッグ:タスクを追加しました
[22-Jun-2020 20:15:47 UTC] デバッグ:GET通信があります
[22-Jun-2020 20:15:47 UTC] デバッグ:クエリ成功
[22-Jun-2020 20:15:47 UTC] デバッグ:POST送信があります
[22-Jun-2020 20:15:47 UTC] デバッグ:完了時間
[22-Jun-2020 20:15:47 UTC] デバッグ:クエリ成功
[22-Jun-2020 20:15:47 UTC] デバッグ:すでに登録されています
[22-Jun-2020 20:15:52 UTC] デバッグ:GET通信があります
[22-Jun-2020 20:15:52 UTC] デバッグ:クエリ成功
[22-Jun-2020 20:15:52 UTC] デバッグ:POST送信があります
[22-Jun-2020 20:15:52 UTC] デバッグ:デザイン
[22-Jun-2020 20:15:52 UTC] デバッグ:クエリ成功
[22-Jun-2020 20:15:52 UTC] デバッグ:タスク重複チェックOK
[22-Jun-2020 20:15:52 UTC] デバッグ:クエリ成功
[22-Jun-2020 20:15:52 UTC] デバッグ:タスクを追加しました
[22-Jun-2020 20:16:13 UTC] デバッグ:GET通信があります
[22-Jun-2020 20:16:13 UTC] デバッグ:クエリ成功
[22-Jun-2020 20:16:13 UTC] デバッグ:POST送信があります
[22-Jun-2020 20:16:13 UTC] デバッグ:デザイン
[22-Jun-2020 20:16:13 UTC] デバッグ:クエリ成功
[22-Jun-2020 20:16:13 UTC] デバッグ:すでに登録されています
[22-Jun-2020 20:16:18 UTC] デバッグ:GET通信があります
[22-Jun-2020 20:16:18 UTC] デバッグ:クエリ成功
[22-Jun-2020 20:16:18 UTC] デバッグ:POST送信があります
[22-Jun-2020 20:16:18 UTC] デバッグ:写経
[22-Jun-2020 20:16:18 UTC] デバッグ:クエリ成功
[22-Jun-2020 20:16:18 UTC] デバッグ:タスク重複チェックOK
[22-Jun-2020 20:16:18 UTC] デバッグ:クエリ成功
[22-Jun-2020 20:16:18 UTC] デバッグ:タスクを追加しました
[22-Jun-2020 20:22:27 UTC] デバッグ:GET通信があります
[22-Jun-2020 20:22:27 UTC] デバッグ:クエリ成功
[22-Jun-2020 20:22:27 UTC] デバッグ:POST送信があります
[22-Jun-2020 20:22:27 UTC] デバッグ:写経
[22-Jun-2020 20:22:27 UTC] デバッグ:クエリ成功
[22-Jun-2020 20:22:27 UTC] デバッグ:すでに登録されています
[22-Jun-2020 20:22:56 UTC] デバッグ:GET通信があります
[22-Jun-2020 20:22:56 UTC] デバッグ:クエリ成功
[22-Jun-2020 20:22:56 UTC] デバッグ:POST送信があります
[22-Jun-2020 20:22:56 UTC] デバッグ:写経
[22-Jun-2020 20:22:56 UTC] デバッグ:クエリ成功
[22-Jun-2020 20:22:56 UTC] デバッグ:すでに登録されています
[22-Jun-2020 20:23:02 UTC] デバッグ:GET通信があります
[22-Jun-2020 20:23:02 UTC] デバッグ:クエリ成功
[22-Jun-2020 20:23:02 UTC] デバッグ:POST送信があります
[22-Jun-2020 20:23:02 UTC] デバッグ:写経
[22-Jun-2020 20:23:02 UTC] デバッグ:クエリ成功
[22-Jun-2020 20:23:02 UTC] デバッグ:すでに登録されています
[22-Jun-2020 20:23:37 UTC] デバッグ:GET通信があります
[22-Jun-2020 20:23:37 UTC] デバッグ:クエリ成功
[22-Jun-2020 20:23:37 UTC] デバッグ:POST送信があります
[22-Jun-2020 20:23:37 UTC] デバッグ:写経
[22-Jun-2020 20:23:37 UTC] デバッグ:クエリ成功
[22-Jun-2020 20:23:37 UTC] デバッグ:すでに登録されています
[22-Jun-2020 20:23:42 UTC] デバッグ:GET通信があります
[22-Jun-2020 20:23:42 UTC] デバッグ:クエリ成功
